<?xml version="1.0" encoding="UTF-8"?>
<testsuite name="is.ru.StringCalculator.StringCalculatorTest" tests="4" skipped="0" failures="0" errors="0" timestamp="2017-10-11T22:24:28" hostname="johanns-laptop" time="0.005">
  <properties/>
  <testcase name="MultipleNumberString" classname="is.ru.StringCalculator.StringCalculatorTest" time="0.004"/>
  <testcase name="EmptyString" classname="is.ru.StringCalculator.StringCalculatorTest" time="0.0"/>
  <testcase name="OneNumberString" classname="is.ru.StringCalculator.StringCalculatorTest" time="0.0"/>
  <testcase name="TwoNumberString" classname="is.ru.StringCalculator.StringCalculatorTest" time="0.0"/>
  <system-out><![CDATA[]]></system-out>
  <system-err><![CDATA[]]></system-err>
</testsuite>
